0 info it worked if it ends with ok
1 verbose cli [ '/home/ubuntu/.nvm/v0.10.35/bin/node',
1 verbose cli   '/home/ubuntu/.nvm/v0.10.35/bin/npm',
1 verbose cli   'install' ]
2 info using npm@1.4.28
3 info using node@v0.10.35
4 warn package.json node-api@ No repository field.
5 verbose readDependencies using package.json deps
6 verbose install where, deps [ '/home/ubuntu/workspace',
6 verbose install   [ 'express',
6 verbose install     'orm',
6 verbose install     'bcrypt-nodejs',
6 verbose install     'jsonwebtoken',
6 verbose install     'body-parser',
6 verbose install     'mysql' ] ]
7 info preinstall node-api@
8 verbose readDependencies using package.json deps
9 verbose already installed skipping express@~4.0.0 /home/ubuntu/workspace
10 verbose already installed skipping orm@~2.1.27 /home/ubuntu/workspace
11 verbose already installed skipping bcrypt-nodejs@0.0.3 /home/ubuntu/workspace
12 verbose cache add [ 'jsonwebtoken@0.0.3', null ]
13 verbose cache add name=undefined spec="jsonwebtoken@0.0.3" args=["jsonwebtoken@0.0.3",null]
14 verbose parsed url { protocol: null,
14 verbose parsed url   slashes: null,
14 verbose parsed url   auth: null,
14 verbose parsed url   host: null,
14 verbose parsed url   port: null,
14 verbose parsed url   hostname: null,
14 verbose parsed url   hash: null,
14 verbose parsed url   search: null,
14 verbose parsed url   query: null,
14 verbose parsed url   pathname: 'jsonwebtoken@0.0.3',
14 verbose parsed url   path: 'jsonwebtoken@0.0.3',
14 verbose parsed url   href: 'jsonwebtoken@0.0.3' }
15 verbose already installed skipping body-parser@~1.0.1 /home/ubuntu/workspace
16 verbose already installed skipping mysql@2.0.0-alpha9 /home/ubuntu/workspace
17 verbose cache add name="jsonwebtoken" spec="0.0.3" args=["jsonwebtoken","0.0.3"]
18 verbose parsed url { protocol: null,
18 verbose parsed url   slashes: null,
18 verbose parsed url   auth: null,
18 verbose parsed url   host: null,
18 verbose parsed url   port: null,
18 verbose parsed url   hostname: null,
18 verbose parsed url   hash: null,
18 verbose parsed url   search: null,
18 verbose parsed url   query: null,
18 verbose parsed url   pathname: '0.0.3',
18 verbose parsed url   path: '0.0.3',
18 verbose parsed url   href: '0.0.3' }
19 verbose addNamed [ 'jsonwebtoken', '0.0.3' ]
20 verbose addNamed [ '0.0.3', '0.0.3' ]
21 silly lockFile 76dc706f-jsonwebtoken-0-0-3 jsonwebtoken@0.0.3
22 verbose lock jsonwebtoken@0.0.3 /home/ubuntu/.npm/76dc706f-jsonwebtoken-0-0-3.lock
23 verbose request where is /jsonwebtoken
24 verbose request registry https://registry.npmjs.org/
25 verbose request id fb72faa17285712c
26 verbose url raw /jsonwebtoken
27 verbose url resolving [ 'https://registry.npmjs.org/', './jsonwebtoken' ]
28 verbose url resolved https://registry.npmjs.org/jsonwebtoken
29 verbose request where is https://registry.npmjs.org/jsonwebtoken
30 info trying registry request attempt 1 at 22:37:07
31 http GET https://registry.npmjs.org/jsonwebtoken
32 http 200 https://registry.npmjs.org/jsonwebtoken
33 silly registry.get cb [ 200,
33 silly registry.get   { server: 'CouchDB/1.5.0 (Erlang OTP/R16B03)',
33 silly registry.get     etag: '"AVYX09H1BR5B6H3SM7KS0MR4L"',
33 silly registry.get     'content-type': 'application/json',
33 silly registry.get     'cache-control': 'max-age=60',
33 silly registry.get     'content-length': '52146',
33 silly registry.get     'accept-ranges': 'bytes',
33 silly registry.get     date: 'Mon, 12 Oct 2015 22:37:07 GMT',
33 silly registry.get     via: '1.1 varnish',
33 silly registry.get     age: '0',
33 silly registry.get     connection: 'keep-alive',
33 silly registry.get     'x-served-by': 'cache-ord1734-ORD',
33 silly registry.get     'x-cache': 'HIT',
33 silly registry.get     'x-cache-hits': '1',
33 silly registry.get     'x-timer': 'S1444689427.685148,VS0,VE37',
33 silly registry.get     vary: 'Accept' } ]
34 silly lockFile 76dc706f-jsonwebtoken-0-0-3 jsonwebtoken@0.0.3
35 silly lockFile 76dc706f-jsonwebtoken-0-0-3 jsonwebtoken@0.0.3
36 error Error: version not found: jsonwebtoken@0.0.3
36 error     at /home/ubuntu/.nvm/v0.10.35/lib/node_modules/npm/lib/cache/add-named.js:125:12
36 error     at saved (/home/ubuntu/.nvm/v0.10.35/lib/node_modules/npm/node_modules/npm-registry-client/lib/get.js:167:7)
36 error     at Object.oncomplete (fs.js:108:15)
37 error If you need help, you may report this *entire* log,
37 error including the npm and node versions, at:
37 error     <http://github.com/npm/npm/issues>
38 error System Linux 4.2.0-c9
39 error command "/home/ubuntu/.nvm/v0.10.35/bin/node" "/home/ubuntu/.nvm/v0.10.35/bin/npm" "install"
40 error cwd /home/ubuntu/workspace
41 error node -v v0.10.35
42 error npm -v 1.4.28
43 verbose exit [ 1, true ]
